# JRE version: Java(TM) SE Runtime Environment (8.0_144-b01) (build 1.8.0_144-b01)
# Java VM: Java HotSpot(TM) 64-Bit Server VM (25.144-b01 mixed mode windows-amd64 compressed oops)
Heap:
 PSYoungGen      total 136704K, used 46185K [0x00000000eab00000, 0x00000000f3780000, 0x0000000100000000)
  eden space 129536K, 30% used [0x00000000eab00000,0x00000000ed11c960,0x00000000f2980000)
  from space 7168K, 99% used [0x00000000f2980000,0x00000000f307dd80,0x00000000f3080000)
  to   space 6656K, 0% used [0x00000000f3100000,0x00000000f3100000,0x00000000f3780000)
 ParOldGen       total 44032K, used 25054K [0x00000000c0000000, 0x00000000c2b00000, 0x00000000eab00000)
  object space 44032K, 56% used [0x00000000c0000000,0x00000000c18778b8,0x00000000c2b00000)
 Metaspace       used 43647K, capacity 44026K, committed 44456K, reserved 1087488K
  class space    used 5639K, capacity 5764K, committed 5800K, reserved 1048576K
GC Heap History (10 events):
Event: 17.975 GC heap before
{Heap before GC invocations=13 (full 1):
 PSYoungGen      total 59904K, used 57981K [0x00000000eab00000, 0x00000000f0a80000, 0x0000000100000000)
  eden space 52736K, 99% used [0x00000000eab00000,0x00000000ede7d4e0,0x00000000ede80000)
  from space 7168K, 73% used [0x00000000ede80000,0x00000000ee3a21f0,0x00000000ee580000)
  to   space 7168K, 0% used [0x00000000f0380000,0x00000000f0380000,0x00000000f0a80000)
 ParOldGen       total 35840K, used 14511K [0x00000000c0000000, 0x00000000c2300000, 0x00000000eab00000)
  object space 35840K, 40% used [0x00000000c0000000,0x00000000c0e2bc88,0x00000000c2300000)
 Metaspace       used 27382K, capacity 27676K, committed 27904K, reserved 1073152K
  class space    used 3415K, capacity 3507K, committed 3584K, reserved 1048576K
Event: 18.034 GC heap after
Heap after GC invocations=13 (full 1):
 PSYoungGen      total 89600K, used 3839K [0x00000000eab00000, 0x00000000f0a00000, 0x0000000100000000)
  eden space 82944K, 0% used [0x00000000eab00000,0x00000000eab00000,0x00000000efc00000)
  from space 6656K, 57% used [0x00000000f0380000,0x00000000f073fee8,0x00000000f0a00000)
  to   space 7168K, 0% used [0x00000000efc00000,0x00000000efc00000,0x00000000f0300000)
 ParOldGen       total 35840K, used 16995K [0x00000000c0000000, 0x00000000c2300000, 0x00000000eab00000)
  object space 35840K, 47% used [0x00000000c0000000,0x00000000c1098cc8,0x00000000c2300000)
 Metaspace       used 27382K, capacity 27676K, committed 27904K, reserved 1073152K
  class space    used 3415K, capacity 3507K, committed 3584K, reserved 1048576K
}
Event: 23.588 GC heap before
{Heap before GC invocations=14 (full 1):
 PSYoungGen      total 89600K, used 86783K [0x00000000eab00000, 0x00000000f0a00000, 0x0000000100000000)
  eden space 82944K, 100% used [0x00000000eab00000,0x00000000efc00000,0x00000000efc00000)
  from space 6656K, 57% used [0x00000000f0380000,0x00000000f073fee8,0x00000000f0a00000)
  to   space 7168K, 0% used [0x00000000efc00000,0x00000000efc00000,0x00000000f0300000)
 ParOldGen       total 35840K, used 16995K [0x00000000c0000000, 0x00000000c2300000, 0x00000000eab00000)
  object space 35840K, 47% used [0x00000000c0000000,0x00000000c1098cc8,0x00000000c2300000)
 Metaspace       used 31714K, capacity 32032K, committed 32384K, reserved 1077248K
  class space    used 4064K, capacity 4185K, committed 4224K, reserved 1048576K
Event: 23.608 GC heap after
Heap after GC invocations=14 (full 1):
 PSYoungGen      total 90112K, used 6128K [0x00000000eab00000, 0x00000000f3800000, 0x0000000100000000)
  eden space 82944K, 0% used [0x00000000eab00000,0x00000000eab00000,0x00000000efc00000)
  from space 7168K, 85% used [0x00000000efc00000,0x00000000f01fc0f8,0x00000000f0300000)
  to   space 7168K, 0% used [0x00000000f3100000,0x00000000f3100000,0x00000000f3800000)
 ParOldGen       total 35840K, used 18745K [0x00000000c0000000, 0x00000000c2300000, 0x00000000eab00000)
  object space 35840K, 52% used [0x00000000c0000000,0x00000000c124e430,0x00000000c2300000)
 Metaspace       used 31714K, capacity 32032K, committed 32384K, reserved 1077248K
  class space    used 4064K, capacity 4185K, committed 4224K, reserved 1048576K
}
Event: 25.379 GC heap before
{Heap before GC invocations=15 (full 1):
 PSYoungGen      total 90112K, used 26114K [0x00000000eab00000, 0x00000000f3800000, 0x0000000100000000)
  eden space 82944K, 24% used [0x00000000eab00000,0x00000000ebe84838,0x00000000efc00000)
  from space 7168K, 85% used [0x00000000efc00000,0x00000000f01fc0f8,0x00000000f0300000)
  to   space 7168K, 0% used [0x00000000f3100000,0x00000000f3100000,0x00000000f3800000)
 ParOldGen       total 35840K, used 18745K [0x00000000c0000000, 0x00000000c2300000, 0x00000000eab00000)
  object space 35840K, 52% used [0x00000000c0000000,0x00000000c124e430,0x00000000c2300000)
 Metaspace       used 34957K, capacity 35244K, committed 35496K, reserved 1081344K
  class space    used 4425K, capacity 4507K, committed 4520K, reserved 1048576K
Event: 25.393 GC heap after
Heap after GC invocations=15 (full 1):
 PSYoungGen      total 136192K, used 3448K [0x00000000eab00000, 0x00000000f3780000, 0x0000000100000000)
  eden space 129536K, 0% used [0x00000000eab00000,0x00000000eab00000,0x00000000f2980000)
  from space 6656K, 51% used [0x00000000f3100000,0x00000000f345e328,0x00000000f3780000)
  to   space 7168K, 0% used [0x00000000f2980000,0x00000000f2980000,0x00000000f3080000)
 ParOldGen       total 35840K, used 21497K [0x00000000c0000000, 0x00000000c2300000, 0x00000000eab00000)
  object space 35840K, 59% used [0x00000000c0000000,0x00000000c14fe748,0x00000000c2300000)
 Metaspace       used 34957K, capacity 35244K, committed 35496K, reserved 1081344K
  class space    used 4425K, capacity 4507K, committed 4520K, reserved 1048576K
}
Event: 25.393 GC heap before
{Heap before GC invocations=16 (full 2):
 PSYoungGen      total 136192K, used 3448K [0x00000000eab00000, 0x00000000f3780000, 0x0000000100000000)
  eden space 129536K, 0% used [0x00000000eab00000,0x00000000eab00000,0x00000000f2980000)
  from space 6656K, 51% used [0x00000000f3100000,0x00000000f345e328,0x00000000f3780000)
  to   space 7168K, 0% used [0x00000000f2980000,0x00000000f2980000,0x00000000f3080000)
 ParOldGen       total 35840K, used 21497K [0x00000000c0000000, 0x00000000c2300000, 0x00000000eab00000)
  object space 35840K, 59% used [0x00000000c0000000,0x00000000c14fe748,0x00000000c2300000)
 Metaspace       used 34957K, capacity 35244K, committed 35496K, reserved 1081344K
  class space    used 4425K, capacity 4507K, committed 4520K, reserved 1048576K
Event: 25.674 GC heap after
Heap after GC invocations=16 (full 2):
 PSYoungGen      total 136192K, used 0K [0x00000000eab00000, 0x00000000f3780000, 0x0000000100000000)
  eden space 129536K, 0% used [0x00000000eab00000,0x00000000eab00000,0x00000000f2980000)
  from space 6656K, 0% used [0x00000000f3100000,0x00000000f3100000,0x00000000f3780000)
  to   space 7168K, 0% used [0x00000000f2980000,0x00000000f2980000,0x00000000f3080000)
 ParOldGen       total 44032K, used 19993K [0x00000000c0000000, 0x00000000c2b00000, 0x00000000eab00000)
  object space 44032K, 45% used [0x00000000c0000000,0x00000000c1386538,0x00000000c2b00000)
 Metaspace       used 34957K, capacity 35244K, committed 35496K, reserved 1081344K
  class space    used 4425K, capacity 4507K, committed 4520K, reserved 1048576K
}
Event: 31.383 GC heap before
{Heap before GC invocations=17 (full 2):
 PSYoungGen      total 136192K, used 129536K [0x00000000eab00000, 0x00000000f3780000, 0x0000000100000000)
  eden space 129536K, 100% used [0x00000000eab00000,0x00000000f2980000,0x00000000f2980000)
  from space 6656K, 0% used [0x00000000f3100000,0x00000000f3100000,0x00000000f3780000)
  to   space 7168K, 0% used [0x00000000f2980000,0x00000000f2980000,0x00000000f3080000)
 ParOldGen       total 44032K, used 19993K [0x00000000c0000000, 0x00000000c2b00000, 0x00000000eab00000)
  object space 44032K, 45% used [0x00000000c0000000,0x00000000c1386538,0x00000000c2b00000)
 Metaspace       used 42794K, capacity 43126K, committed 43560K, reserved 1087488K
  class space    used 5520K, capacity 5634K, committed 5672K, reserved 1048576K
Event: 31.512 GC heap after
Heap after GC invocations=17 (full 2):
 PSYoungGen      total 136704K, used 7159K [0x00000000eab00000, 0x00000000f3780000, 0x0000000100000000)
  eden space 129536K, 0% used [0x00000000eab00000,0x00000000eab00000,0x00000000f2980000)
  from space 7168K, 99% used [0x00000000f2980000,0x00000000f307dd80,0x00000000f3080000)
  to   space 6656K, 0% used [0x00000000f3100000,0x00000000f3100000,0x00000000f3780000)
 ParOldGen       total 44032K, used 25054K [0x00000000c0000000, 0x00000000c2b00000, 0x00000000eab00000)
  object space 44032K, 56% used [0x00000000c0000000,0x00000000c18778b8,0x00000000c2b00000)
 Metaspace       used 42794K, capacity 43126K, committed 43560K, reserved 1087488K
  class space    used 5520K, capacity 5634K, committed 5672K, reserved 1048576K
}

