# JRE version: Java(TM) SE Runtime Environment (8.0_144-b01) (build 1.8.0_144-b01)
# Java VM: Java HotSpot(TM) 64-Bit Server VM (25.144-b01 mixed mode windows-amd64 compressed oops)
Heap:
 PSYoungGen      total 39936K, used 12358K [0x00000000eab00000, 0x00000000ed900000, 0x0000000100000000)
  eden space 32768K, 37% used [0x00000000eab00000,0x00000000eb711aa8,0x00000000ecb00000)
  from space 7168K, 0% used [0x00000000ed200000,0x00000000ed200000,0x00000000ed900000)
  to   space 7168K, 0% used [0x00000000ecb00000,0x00000000ecb00000,0x00000000ed200000)
 ParOldGen       total 33280K, used 11327K [0x00000000c0000000, 0x00000000c2080000, 0x00000000eab00000)
  object space 33280K, 34% used [0x00000000c0000000,0x00000000c0b0fe90,0x00000000c2080000)
 Metaspace       used 22013K, capacity 22310K, committed 22576K, reserved 1069056K
  class space    used 2759K, capacity 2858K, committed 2944K, reserved 1048576K
GC Heap History (10 events):
Event: 6.670 GC heap before
{Heap before GC invocations=7 (full 0):
 PSYoungGen      total 39936K, used 36498K [0x00000000eab00000, 0x00000000ed900000, 0x0000000100000000)
  eden space 32768K, 100% used [0x00000000eab00000,0x00000000ecb00000,0x00000000ecb00000)
  from space 7168K, 52% used [0x00000000ed200000,0x00000000ed5a4910,0x00000000ed900000)
  to   space 7168K, 0% used [0x00000000ecb00000,0x00000000ecb00000,0x00000000ed200000)
 ParOldGen       total 44032K, used 12166K [0x00000000c0000000, 0x00000000c2b00000, 0x00000000eab00000)
  object space 44032K, 27% used [0x00000000c0000000,0x00000000c0be1910,0x00000000c2b00000)
 Metaspace       used 19709K, capacity 19944K, committed 20224K, reserved 1067008K
  class space    used 2426K, capacity 2501K, committed 2560K, reserved 1048576K
Event: 6.700 GC heap after
Heap after GC invocations=7 (full 0):
 PSYoungGen      total 39936K, used 4618K [0x00000000eab00000, 0x00000000ed900000, 0x0000000100000000)
  eden space 32768K, 0% used [0x00000000eab00000,0x00000000eab00000,0x00000000ecb00000)
  from space 7168K, 64% used [0x00000000ecb00000,0x00000000ecf82a98,0x00000000ed200000)
  to   space 7168K, 0% used [0x00000000ed200000,0x00000000ed200000,0x00000000ed900000)
 ParOldGen       total 44032K, used 12839K [0x00000000c0000000, 0x00000000c2b00000, 0x00000000eab00000)
  object space 44032K, 29% used [0x00000000c0000000,0x00000000c0c89cb8,0x00000000c2b00000)
 Metaspace       used 19709K, capacity 19944K, committed 20224K, reserved 1067008K
  class space    used 2426K, capacity 2501K, committed 2560K, reserved 1048576K
}
Event: 7.124 GC heap before
{Heap before GC invocations=8 (full 0):
 PSYoungGen      total 39936K, used 37386K [0x00000000eab00000, 0x00000000ed900000, 0x0000000100000000)
  eden space 32768K, 100% used [0x00000000eab00000,0x00000000ecb00000,0x00000000ecb00000)
  from space 7168K, 64% used [0x00000000ecb00000,0x00000000ecf82a98,0x00000000ed200000)
  to   space 7168K, 0% used [0x00000000ed200000,0x00000000ed200000,0x00000000ed900000)
 ParOldGen       total 44032K, used 12839K [0x00000000c0000000, 0x00000000c2b00000, 0x00000000eab00000)
  object space 44032K, 29% used [0x00000000c0000000,0x00000000c0c89cb8,0x00000000c2b00000)
 Metaspace       used 19962K, capacity 20200K, committed 20608K, reserved 1067008K
  class space    used 2462K, capacity 2565K, committed 2688K, reserved 1048576K
Event: 7.170 GC heap after
Heap after GC invocations=8 (full 0):
 PSYoungGen      total 39936K, used 5774K [0x00000000eab00000, 0x00000000ed900000, 0x0000000100000000)
  eden space 32768K, 0% used [0x00000000eab00000,0x00000000eab00000,0x00000000ecb00000)
  from space 7168K, 80% used [0x00000000ed200000,0x00000000ed7a3a80,0x00000000ed900000)
  to   space 7168K, 0% used [0x00000000ecb00000,0x00000000ecb00000,0x00000000ed200000)
 ParOldGen       total 44032K, used 14142K [0x00000000c0000000, 0x00000000c2b00000, 0x00000000eab00000)
  object space 44032K, 32% used [0x00000000c0000000,0x00000000c0dcfbb0,0x00000000c2b00000)
 Metaspace       used 19962K, capacity 20200K, committed 20608K, reserved 1067008K
  class space    used 2462K, capacity 2565K, committed 2688K, reserved 1048576K
}
Event: 8.037 GC heap before
{Heap before GC invocations=9 (full 0):
 PSYoungGen      total 39936K, used 38542K [0x00000000eab00000, 0x00000000ed900000, 0x0000000100000000)
  eden space 32768K, 100% used [0x00000000eab00000,0x00000000ecb00000,0x00000000ecb00000)
  from space 7168K, 80% used [0x00000000ed200000,0x00000000ed7a3a80,0x00000000ed900000)
  to   space 7168K, 0% used [0x00000000ecb00000,0x00000000ecb00000,0x00000000ed200000)
 ParOldGen       total 44032K, used 14142K [0x00000000c0000000, 0x00000000c2b00000, 0x00000000eab00000)
  object space 44032K, 32% used [0x00000000c0000000,0x00000000c0dcfbb0,0x00000000c2b00000)
 Metaspace       used 20740K, capacity 21024K, committed 21120K, reserved 1067008K
  class space    used 2570K, capacity 2665K, committed 2688K, reserved 1048576K
Event: 8.060 GC heap after
Heap after GC invocations=9 (full 0):
 PSYoungGen      total 39936K, used 3787K [0x00000000eab00000, 0x00000000ed900000, 0x0000000100000000)
  eden space 32768K, 0% used [0x00000000eab00000,0x00000000eab00000,0x00000000ecb00000)
  from space 7168K, 52% used [0x00000000ecb00000,0x00000000eceb2f50,0x00000000ed200000)
  to   space 7168K, 0% used [0x00000000ed200000,0x00000000ed200000,0x00000000ed900000)
 ParOldGen       total 44032K, used 15526K [0x00000000c0000000, 0x00000000c2b00000, 0x00000000eab00000)
  object space 44032K, 35% used [0x00000000c0000000,0x00000000c0f29bb0,0x00000000c2b00000)
 Metaspace       used 20740K, capacity 21024K, committed 21120K, reserved 1067008K
  class space    used 2570K, capacity 2665K, committed 2688K, reserved 1048576K
}
Event: 8.141 GC heap before
{Heap before GC invocations=10 (full 0):
 PSYoungGen      total 39936K, used 5035K [0x00000000eab00000, 0x00000000ed900000, 0x0000000100000000)
  eden space 32768K, 3% used [0x00000000eab00000,0x00000000eac37cb8,0x00000000ecb00000)
  from space 7168K, 52% used [0x00000000ecb00000,0x00000000eceb2f50,0x00000000ed200000)
  to   space 7168K, 0% used [0x00000000ed200000,0x00000000ed200000,0x00000000ed900000)
 ParOldGen       total 44032K, used 15526K [0x00000000c0000000, 0x00000000c2b00000, 0x00000000eab00000)
  object space 44032K, 35% used [0x00000000c0000000,0x00000000c0f29bb0,0x00000000c2b00000)
 Metaspace       used 20868K, capacity 21152K, committed 21296K, reserved 1069056K
  class space    used 2583K, capacity 2665K, committed 2688K, reserved 1048576K
Event: 8.218 GC heap after
Heap after GC invocations=10 (full 0):
 PSYoungGen      total 39936K, used 675K [0x00000000eab00000, 0x00000000ed900000, 0x0000000100000000)
  eden space 32768K, 0% used [0x00000000eab00000,0x00000000eab00000,0x00000000ecb00000)
  from space 7168K, 9% used [0x00000000ed200000,0x00000000ed2a8ee0,0x00000000ed900000)
  to   space 7168K, 0% used [0x00000000ecb00000,0x00000000ecb00000,0x00000000ed200000)
 ParOldGen       total 44032K, used 16514K [0x00000000c0000000, 0x00000000c2b00000, 0x00000000eab00000)
  object space 44032K, 37% used [0x00000000c0000000,0x00000000c10208e8,0x00000000c2b00000)
 Metaspace       used 20868K, capacity 21152K, committed 21296K, reserved 1069056K
  class space    used 2583K, capacity 2665K, committed 2688K, reserved 1048576K
}
Event: 8.218 GC heap before
{Heap before GC invocations=11 (full 1):
 PSYoungGen      total 39936K, used 675K [0x00000000eab00000, 0x00000000ed900000, 0x0000000100000000)
  eden space 32768K, 0% used [0x00000000eab00000,0x00000000eab00000,0x00000000ecb00000)
  from space 7168K, 9% used [0x00000000ed200000,0x00000000ed2a8ee0,0x00000000ed900000)
  to   space 7168K, 0% used [0x00000000ecb00000,0x00000000ecb00000,0x00000000ed200000)
 ParOldGen       total 44032K, used 16514K [0x00000000c0000000, 0x00000000c2b00000, 0x00000000eab00000)
  object space 44032K, 37% used [0x00000000c0000000,0x00000000c10208e8,0x00000000c2b00000)
 Metaspace       used 20868K, capacity 21152K, committed 21296K, reserved 1069056K
  class space    used 2583K, capacity 2665K, committed 2688K, reserved 1048576K
Event: 8.333 GC heap after
Heap after GC invocations=11 (full 1):
 PSYoungGen      total 39936K, used 0K [0x00000000eab00000, 0x00000000ed900000, 0x0000000100000000)
  eden space 32768K, 0% used [0x00000000eab00000,0x00000000eab00000,0x00000000ecb00000)
  from space 7168K, 0% used [0x00000000ed200000,0x00000000ed200000,0x00000000ed900000)
  to   space 7168K, 0% used [0x00000000ecb00000,0x00000000ecb00000,0x00000000ed200000)
 ParOldGen       total 33280K, used 11327K [0x00000000c0000000, 0x00000000c2080000, 0x00000000eab00000)
  object space 33280K, 34% used [0x00000000c0000000,0x00000000c0b0fe90,0x00000000c2080000)
 Metaspace       used 20868K, capacity 21152K, committed 21296K, reserved 1069056K
  class space    used 2583K, capacity 2665K, committed 2688K, reserved 1048576K
}

