# JRE version: Java(TM) SE Runtime Environment (8.0_144-b01) (build 1.8.0_144-b01)
# Java VM: Java HotSpot(TM) 64-Bit Server VM (25.144-b01 mixed mode windows-amd64 compressed oops)
Heap:
 PSYoungGen      total 120320K, used 109271K [0x00000000eab00000, 0x00000000f2880000, 0x0000000100000000)
  eden space 114176K, 95% used [0x00000000eab00000,0x00000000f15b5c60,0x00000000f1a80000)
  from space 6144K, 0% used [0x00000000f2280000,0x00000000f2280000,0x00000000f2880000)
  to   space 7168K, 0% used [0x00000000f1a80000,0x00000000f1a80000,0x00000000f2180000)
 ParOldGen       total 53248K, used 20437K [0x00000000c0000000, 0x00000000c3400000, 0x00000000eab00000)
  object space 53248K, 38% used [0x00000000c0000000,0x00000000c13f5568,0x00000000c3400000)
 Metaspace       used 42336K, capacity 42666K, committed 43048K, reserved 1087488K
  class space    used 5458K, capacity 5568K, committed 5672K, reserved 1048576K
GC Heap History (10 events):
Event: 29.274 GC heap before
{Heap before GC invocations=12 (full 1):
 PSYoungGen      total 59904K, used 52736K [0x00000000eab00000, 0x00000000eec80000, 0x0000000100000000)
  eden space 52736K, 100% used [0x00000000eab00000,0x00000000ede80000,0x00000000ede80000)
  from space 7168K, 0% used [0x00000000ee580000,0x00000000ee580000,0x00000000eec80000)
  to   space 7168K, 0% used [0x00000000ede80000,0x00000000ede80000,0x00000000ee580000)
 ParOldGen       total 34816K, used 11493K [0x00000000c0000000, 0x00000000c2200000, 0x00000000eab00000)
  object space 34816K, 33% used [0x00000000c0000000,0x00000000c0b39668,0x00000000c2200000)
 Metaspace       used 24745K, capacity 25084K, committed 25344K, reserved 1071104K
  class space    used 3109K, capacity 3219K, committed 3328K, reserved 1048576K
Event: 29.296 GC heap after
Heap after GC invocations=12 (full 1):
 PSYoungGen      total 59904K, used 5272K [0x00000000eab00000, 0x00000000f0680000, 0x0000000100000000)
  eden space 52736K, 0% used [0x00000000eab00000,0x00000000eab00000,0x00000000ede80000)
  from space 7168K, 73% used [0x00000000ede80000,0x00000000ee3a60f8,0x00000000ee580000)
  to   space 7168K, 0% used [0x00000000eff80000,0x00000000eff80000,0x00000000f0680000)
 ParOldGen       total 34816K, used 11501K [0x00000000c0000000, 0x00000000c2200000, 0x00000000eab00000)
  object space 34816K, 33% used [0x00000000c0000000,0x00000000c0b3b668,0x00000000c2200000)
 Metaspace       used 24745K, capacity 25084K, committed 25344K, reserved 1071104K
  class space    used 3109K, capacity 3219K, committed 3328K, reserved 1048576K
}
Event: 31.733 GC heap before
{Heap before GC invocations=13 (full 1):
 PSYoungGen      total 59904K, used 57982K [0x00000000eab00000, 0x00000000f0680000, 0x0000000100000000)
  eden space 52736K, 99% used [0x00000000eab00000,0x00000000ede79a78,0x00000000ede80000)
  from space 7168K, 73% used [0x00000000ede80000,0x00000000ee3a60f8,0x00000000ee580000)
  to   space 7168K, 0% used [0x00000000eff80000,0x00000000eff80000,0x00000000f0680000)
 ParOldGen       total 34816K, used 11501K [0x00000000c0000000, 0x00000000c2200000, 0x00000000eab00000)
  object space 34816K, 33% used [0x00000000c0000000,0x00000000c0b3b668,0x00000000c2200000)
 Metaspace       used 27420K, capacity 27676K, committed 27904K, reserved 1073152K
  class space    used 3413K, capacity 3507K, committed 3584K, reserved 1048576K
Event: 31.750 GC heap after
Heap after GC invocations=13 (full 1):
 PSYoungGen      total 84480K, used 3836K [0x00000000eab00000, 0x00000000f0580000, 0x0000000100000000)
  eden space 78336K, 0% used [0x00000000eab00000,0x00000000eab00000,0x00000000ef780000)
  from space 6144K, 62% used [0x00000000eff80000,0x00000000f033f1c8,0x00000000f0580000)
  to   space 7168K, 0% used [0x00000000ef780000,0x00000000ef780000,0x00000000efe80000)
 ParOldGen       total 34816K, used 14001K [0x00000000c0000000, 0x00000000c2200000, 0x00000000eab00000)
  object space 34816K, 40% used [0x00000000c0000000,0x00000000c0dac6a8,0x00000000c2200000)
 Metaspace       used 27420K, capacity 27676K, committed 27904K, reserved 1073152K
  class space    used 3413K, capacity 3507K, committed 3584K, reserved 1048576K
}
Event: 34.129 GC heap before
{Heap before GC invocations=14 (full 1):
 PSYoungGen      total 84480K, used 82172K [0x00000000eab00000, 0x00000000f0580000, 0x0000000100000000)
  eden space 78336K, 100% used [0x00000000eab00000,0x00000000ef780000,0x00000000ef780000)
  from space 6144K, 62% used [0x00000000eff80000,0x00000000f033f1c8,0x00000000f0580000)
  to   space 7168K, 0% used [0x00000000ef780000,0x00000000ef780000,0x00000000efe80000)
 ParOldGen       total 34816K, used 14001K [0x00000000c0000000, 0x00000000c2200000, 0x00000000eab00000)
  object space 34816K, 40% used [0x00000000c0000000,0x00000000c0dac6a8,0x00000000c2200000)
 Metaspace       used 31203K, capacity 31520K, committed 31744K, reserved 1077248K
  class space    used 3959K, capacity 4057K, committed 4096K, reserved 1048576K
Event: 34.151 GC heap after
Heap after GC invocations=14 (full 1):
 PSYoungGen      total 85504K, used 5604K [0x00000000eab00000, 0x00000000f2980000, 0x0000000100000000)
  eden space 78336K, 0% used [0x00000000eab00000,0x00000000eab00000,0x00000000ef780000)
  from space 7168K, 78% used [0x00000000ef780000,0x00000000efcf90b0,0x00000000efe80000)
  to   space 7168K, 0% used [0x00000000f2280000,0x00000000f2280000,0x00000000f2980000)
 ParOldGen       total 34816K, used 15751K [0x00000000c0000000, 0x00000000c2200000, 0x00000000eab00000)
  object space 34816K, 45% used [0x00000000c0000000,0x00000000c0f61df0,0x00000000c2200000)
 Metaspace       used 31203K, capacity 31520K, committed 31744K, reserved 1077248K
  class space    used 3959K, capacity 4057K, committed 4096K, reserved 1048576K
}
Event: 36.416 GC heap before
{Heap before GC invocations=15 (full 1):
 PSYoungGen      total 85504K, used 30352K [0x00000000eab00000, 0x00000000f2980000, 0x0000000100000000)
  eden space 78336K, 31% used [0x00000000eab00000,0x00000000ec32b180,0x00000000ef780000)
  from space 7168K, 78% used [0x00000000ef780000,0x00000000efcf90b0,0x00000000efe80000)
  to   space 7168K, 0% used [0x00000000f2280000,0x00000000f2280000,0x00000000f2980000)
 ParOldGen       total 34816K, used 15751K [0x00000000c0000000, 0x00000000c2200000, 0x00000000eab00000)
  object space 34816K, 45% used [0x00000000c0000000,0x00000000c0f61df0,0x00000000c2200000)
 Metaspace       used 35011K, capacity 35308K, committed 35496K, reserved 1081344K
  class space    used 4427K, capacity 4507K, committed 4520K, reserved 1048576K
Event: 36.432 GC heap after
Heap after GC invocations=15 (full 1):
 PSYoungGen      total 120320K, used 3994K [0x00000000eab00000, 0x00000000f2880000, 0x0000000100000000)
  eden space 114176K, 0% used [0x00000000eab00000,0x00000000eab00000,0x00000000f1a80000)
  from space 6144K, 65% used [0x00000000f2280000,0x00000000f2666b58,0x00000000f2880000)
  to   space 7168K, 0% used [0x00000000f1a80000,0x00000000f1a80000,0x00000000f2180000)
 ParOldGen       total 34816K, used 18432K [0x00000000c0000000, 0x00000000c2200000, 0x00000000eab00000)
  object space 34816K, 52% used [0x00000000c0000000,0x00000000c1200108,0x00000000c2200000)
 Metaspace       used 35011K, capacity 35308K, committed 35496K, reserved 1081344K
  class space    used 4427K, capacity 4507K, committed 4520K, reserved 1048576K
}
Event: 36.432 GC heap before
{Heap before GC invocations=16 (full 2):
 PSYoungGen      total 120320K, used 3994K [0x00000000eab00000, 0x00000000f2880000, 0x0000000100000000)
  eden space 114176K, 0% used [0x00000000eab00000,0x00000000eab00000,0x00000000f1a80000)
  from space 6144K, 65% used [0x00000000f2280000,0x00000000f2666b58,0x00000000f2880000)
  to   space 7168K, 0% used [0x00000000f1a80000,0x00000000f1a80000,0x00000000f2180000)
 ParOldGen       total 34816K, used 18432K [0x00000000c0000000, 0x00000000c2200000, 0x00000000eab00000)
  object space 34816K, 52% used [0x00000000c0000000,0x00000000c1200108,0x00000000c2200000)
 Metaspace       used 35011K, capacity 35308K, committed 35496K, reserved 1081344K
  class space    used 4427K, capacity 4507K, committed 4520K, reserved 1048576K
Event: 36.699 GC heap after
Heap after GC invocations=16 (full 2):
 PSYoungGen      total 120320K, used 0K [0x00000000eab00000, 0x00000000f2880000, 0x0000000100000000)
  eden space 114176K, 0% used [0x00000000eab00000,0x00000000eab00000,0x00000000f1a80000)
  from space 6144K, 0% used [0x00000000f2280000,0x00000000f2280000,0x00000000f2880000)
  to   space 7168K, 0% used [0x00000000f1a80000,0x00000000f1a80000,0x00000000f2180000)
 ParOldGen       total 53248K, used 20437K [0x00000000c0000000, 0x00000000c3400000, 0x00000000eab00000)
  object space 53248K, 38% used [0x00000000c0000000,0x00000000c13f5568,0x00000000c3400000)
 Metaspace       used 35011K, capacity 35308K, committed 35496K, reserved 1081344K
  class space    used 4427K, capacity 4507K, committed 4520K, reserved 1048576K
}

