# JRE version: Java(TM) SE Runtime Environment (8.0_144-b01) (build 1.8.0_144-b01)
# Java VM: Java HotSpot(TM) 64-Bit Server VM (25.144-b01 mixed mode windows-amd64 compressed oops)
Heap:
 PSYoungGen      total 156672K, used 46528K [0x00000000eab00000, 0x00000000f6c80000, 0x0000000100000000)
  eden space 146432K, 31% used [0x00000000eab00000,0x00000000ed8701b8,0x00000000f3a00000)
  from space 10240K, 0% used [0x00000000f4480000,0x00000000f4480000,0x00000000f4e80000)
  to   space 10752K, 0% used [0x00000000f3a00000,0x00000000f3a00000,0x00000000f4480000)
 ParOldGen       total 59392K, used 21512K [0x00000000c0000000, 0x00000000c3a00000, 0x00000000eab00000)
  object space 59392K, 36% used [0x00000000c0000000,0x00000000c1502138,0x00000000c3a00000)
 Metaspace       used 39484K, capacity 39762K, committed 40104K, reserved 1083392K
  class space    used 5092K, capacity 5180K, committed 5288K, reserved 1048576K
GC Heap History (10 events):
Event: 15.767 GC heap before
{Heap before GC invocations=8 (full 1):
 PSYoungGen      total 72704K, used 7156K [0x00000000eab00000, 0x00000000f3c00000, 0x0000000100000000)
  eden space 65536K, 0% used [0x00000000eab00000,0x00000000eab00000,0x00000000eeb00000)
  from space 7168K, 99% used [0x00000000eeb00000,0x00000000ef1fd100,0x00000000ef200000)
  to   space 8704K, 0% used [0x00000000f3380000,0x00000000f3380000,0x00000000f3c00000)
 ParOldGen       total 44032K, used 14747K [0x00000000c0000000, 0x00000000c2b00000, 0x00000000eab00000)
  object space 44032K, 33% used [0x00000000c0000000,0x00000000c0e66ce0,0x00000000c2b00000)
 Metaspace       used 20931K, capacity 21152K, committed 21296K, reserved 1069056K
  class space    used 2584K, capacity 2665K, committed 2688K, reserved 1048576K
Event: 15.867 GC heap after
Heap after GC invocations=8 (full 1):
 PSYoungGen      total 72704K, used 0K [0x00000000eab00000, 0x00000000f3c00000, 0x0000000100000000)
  eden space 65536K, 0% used [0x00000000eab00000,0x00000000eab00000,0x00000000eeb00000)
  from space 7168K, 0% used [0x00000000eeb00000,0x00000000eeb00000,0x00000000ef200000)
  to   space 8704K, 0% used [0x00000000f3380000,0x00000000f3380000,0x00000000f3c00000)
 ParOldGen       total 40960K, used 14573K [0x00000000c0000000, 0x00000000c2800000, 0x00000000eab00000)
  object space 40960K, 35% used [0x00000000c0000000,0x00000000c0e3b678,0x00000000c2800000)
 Metaspace       used 20931K, capacity 21152K, committed 21296K, reserved 1069056K
  class space    used 2584K, capacity 2665K, committed 2688K, reserved 1048576K
}
Event: 21.694 GC heap before
{Heap before GC invocations=9 (full 1):
 PSYoungGen      total 72704K, used 65504K [0x00000000eab00000, 0x00000000f3c00000, 0x0000000100000000)
  eden space 65536K, 99% used [0x00000000eab00000,0x00000000eeaf83a0,0x00000000eeb00000)
  from space 7168K, 0% used [0x00000000eeb00000,0x00000000eeb00000,0x00000000ef200000)
  to   space 8704K, 0% used [0x00000000f3380000,0x00000000f3380000,0x00000000f3c00000)
 ParOldGen       total 40960K, used 14573K [0x00000000c0000000, 0x00000000c2800000, 0x00000000eab00000)
  object space 40960K, 35% used [0x00000000c0000000,0x00000000c0e3b678,0x00000000c2800000)
 Metaspace       used 25025K, capacity 25308K, committed 25600K, reserved 1071104K
  class space    used 3145K, capacity 3251K, committed 3328K, reserved 1048576K
Event: 21.714 GC heap after
Heap after GC invocations=9 (full 1):
 PSYoungGen      total 113152K, used 5969K [0x00000000eab00000, 0x00000000f3980000, 0x0000000100000000)
  eden space 107008K, 0% used [0x00000000eab00000,0x00000000eab00000,0x00000000f1380000)
  from space 6144K, 97% used [0x00000000f3380000,0x00000000f39545c8,0x00000000f3980000)
  to   space 8704K, 0% used [0x00000000f2880000,0x00000000f2880000,0x00000000f3100000)
 ParOldGen       total 40960K, used 14581K [0x00000000c0000000, 0x00000000c2800000, 0x00000000eab00000)
  object space 40960K, 35% used [0x00000000c0000000,0x00000000c0e3d678,0x00000000c2800000)
 Metaspace       used 25025K, capacity 25308K, committed 25600K, reserved 1071104K
  class space    used 3145K, capacity 3251K, committed 3328K, reserved 1048576K
}
Event: 25.115 GC heap before
{Heap before GC invocations=10 (full 1):
 PSYoungGen      total 113152K, used 112977K [0x00000000eab00000, 0x00000000f3980000, 0x0000000100000000)
  eden space 107008K, 100% used [0x00000000eab00000,0x00000000f1380000,0x00000000f1380000)
  from space 6144K, 97% used [0x00000000f3380000,0x00000000f39545c8,0x00000000f3980000)
  to   space 8704K, 0% used [0x00000000f2880000,0x00000000f2880000,0x00000000f3100000)
 ParOldGen       total 40960K, used 14581K [0x00000000c0000000, 0x00000000c2800000, 0x00000000eab00000)
  object space 40960K, 35% used [0x00000000c0000000,0x00000000c0e3d678,0x00000000c2800000)
 Metaspace       used 30014K, capacity 30298K, committed 30592K, reserved 1075200K
  class space    used 3778K, capacity 3864K, committed 3968K, reserved 1048576K
Event: 25.143 GC heap after
Heap after GC invocations=10 (full 1):
 PSYoungGen      total 137216K, used 8696K [0x00000000eab00000, 0x00000000f4e80000, 0x0000000100000000)
  eden space 128512K, 0% used [0x00000000eab00000,0x00000000eab00000,0x00000000f2880000)
  from space 8704K, 99% used [0x00000000f2880000,0x00000000f30fe3f8,0x00000000f3100000)
  to   space 10240K, 0% used [0x00000000f4480000,0x00000000f4480000,0x00000000f4e80000)
 ParOldGen       total 40960K, used 15935K [0x00000000c0000000, 0x00000000c2800000, 0x00000000eab00000)
  object space 40960K, 38% used [0x00000000c0000000,0x00000000c0f8fd68,0x00000000c2800000)
 Metaspace       used 30014K, capacity 30298K, committed 30592K, reserved 1075200K
  class space    used 3778K, capacity 3864K, committed 3968K, reserved 1048576K
}
Event: 28.134 GC heap before
{Heap before GC invocations=11 (full 1):
 PSYoungGen      total 137216K, used 43365K [0x00000000eab00000, 0x00000000f4e80000, 0x0000000100000000)
  eden space 128512K, 26% used [0x00000000eab00000,0x00000000eccdb028,0x00000000f2880000)
  from space 8704K, 99% used [0x00000000f2880000,0x00000000f30fe3f8,0x00000000f3100000)
  to   space 10240K, 0% used [0x00000000f4480000,0x00000000f4480000,0x00000000f4e80000)
 ParOldGen       total 40960K, used 15935K [0x00000000c0000000, 0x00000000c2800000, 0x00000000eab00000)
  object space 40960K, 38% used [0x00000000c0000000,0x00000000c0f8fd68,0x00000000c2800000)
 Metaspace       used 34975K, capacity 35244K, committed 35496K, reserved 1081344K
  class space    used 4428K, capacity 4507K, committed 4520K, reserved 1048576K
Event: 28.165 GC heap after
Heap after GC invocations=11 (full 1):
 PSYoungGen      total 156672K, used 9259K [0x00000000eab00000, 0x00000000f6c80000, 0x0000000100000000)
  eden space 146432K, 0% used [0x00000000eab00000,0x00000000eab00000,0x00000000f3a00000)
  from space 10240K, 90% used [0x00000000f4480000,0x00000000f4d8aca0,0x00000000f4e80000)
  to   space 10752K, 0% used [0x00000000f3a00000,0x00000000f3a00000,0x00000000f4480000)
 ParOldGen       total 40960K, used 18595K [0x00000000c0000000, 0x00000000c2800000, 0x00000000eab00000)
  object space 40960K, 45% used [0x00000000c0000000,0x00000000c1228d98,0x00000000c2800000)
 Metaspace       used 34975K, capacity 35244K, committed 35496K, reserved 1081344K
  class space    used 4428K, capacity 4507K, committed 4520K, reserved 1048576K
}
Event: 28.165 GC heap before
{Heap before GC invocations=12 (full 2):
 PSYoungGen      total 156672K, used 9259K [0x00000000eab00000, 0x00000000f6c80000, 0x0000000100000000)
  eden space 146432K, 0% used [0x00000000eab00000,0x00000000eab00000,0x00000000f3a00000)
  from space 10240K, 90% used [0x00000000f4480000,0x00000000f4d8aca0,0x00000000f4e80000)
  to   space 10752K, 0% used [0x00000000f3a00000,0x00000000f3a00000,0x00000000f4480000)
 ParOldGen       total 40960K, used 18595K [0x00000000c0000000, 0x00000000c2800000, 0x00000000eab00000)
  object space 40960K, 45% used [0x00000000c0000000,0x00000000c1228d98,0x00000000c2800000)
 Metaspace       used 34975K, capacity 35244K, committed 35496K, reserved 1081344K
  class space    used 4428K, capacity 4507K, committed 4520K, reserved 1048576K
Event: 28.368 GC heap after
Heap after GC invocations=12 (full 2):
 PSYoungGen      total 156672K, used 0K [0x00000000eab00000, 0x00000000f6c80000, 0x0000000100000000)
  eden space 146432K, 0% used [0x00000000eab00000,0x00000000eab00000,0x00000000f3a00000)
  from space 10240K, 0% used [0x00000000f4480000,0x00000000f4480000,0x00000000f4e80000)
  to   space 10752K, 0% used [0x00000000f3a00000,0x00000000f3a00000,0x00000000f4480000)
 ParOldGen       total 59392K, used 21512K [0x00000000c0000000, 0x00000000c3a00000, 0x00000000eab00000)
  object space 59392K, 36% used [0x00000000c0000000,0x00000000c1502138,0x00000000c3a00000)
 Metaspace       used 34975K, capacity 35244K, committed 35496K, reserved 1081344K
  class space    used 4428K, capacity 4507K, committed 4520K, reserved 1048576K
}

